<!DOCTYPE suite SYSTEM "http://testng.org/testng-1.0.dtd">
 
<suite name="Suite" parallel="false" preserve-order="true">
 
 
  <test name="test2">
 <parameter name="browser" value="firefox" />
 <classes>
 	 <class name="schoola.selenium.tests.ShareReferralLink" />
 </classes>
 </test>
 
   <test name="test3">
 <parameter name="browser" value="firefox" />
 <classes>
 	 <class name="schoola.selenium.tests.ShareFeatureSchool" />
 </classes>
 </test>
 
    <test name="test4">
 <parameter name="browser" value="firefox" />
 <classes>
 	 <class name="schoola.selenium.tests.ShareStandardSchool" />
 </classes>
 </test>
 
     <test name="test5">
 <parameter name="browser" value="firefox" />
 <classes>
 	 <class name="schoola.selenium.tests.DonateAndCreateShop" />
 </classes>
 </test>
 
</suite>
