<?xml version="1.0" encoding="UTF-8"?>
<!-- Generated by org.testng.reporters.JUnitReportReporter -->
<testsuite hostname="PSGA0248" name="savysource.selenium.tests.test" tests="1" failures="0" timestamp="14 Oct 2014 07:42:39 GMT" time="0.015" errors="0">
  <testcase name="f" time="0.015" classname="savysource.selenium.tests.test"/>
</testsuite> <!-- savysource.selenium.tests.test -->
